{"level":"\u001b[32minfo\u001b[39m","message":"\u001b[32mSocket.IO initialised\u001b[39m","namespaces":["/crm","/notifications"],"origins":["http://localhost:5173","http://localhost:8080"],"timestamp":"22:48:40"}
{"level":"\u001b[32minfo\u001b[39m","message":"\u001b[32mRedis: client connected\u001b[39m","timestamp":"22:48:40"}
{"level":"\u001b[32minfo\u001b[39m","message":"\u001b[32mRedis: client ready\u001b[39m","timestamp":"22:48:40"}
{"level":"\u001b[32minfo\u001b[39m","message":"\u001b[32mSocket event bridge listening on stream\u001b[39m","stream":"stream:events:insight:new","timestamp":"22:48:40"}
{"env":"development","level":"\u001b[32minfo\u001b[39m","message":"\u001b[32mSmartCRM API listening on port 3000\u001b[39m","pid":9694,"socketIO":true,"timestamp":"22:48:40"}
{"level":"\u001b[32minfo\u001b[39m","message":"\u001b[32mSocket.IO initialised\u001b[39m","namespaces":["/crm","/notifications"],"origins":["http://localhost:5173","http://localhost:8080"],"timestamp":"22:49:10"}
{"error":"listen EPERM: operation not permitted 0.0.0.0:3000","level":"\u001b[31merror\u001b[39m","message":"\u001b[31mUncaught exception — shutting down\u001b[39m","stack":"Error: listen EPERM: operation not permitted 0.0.0.0:3000\n    at Server.setupListenHandle [as _listen2] (node:net:1986:21)\n    at listenInCluster (node:net:2065:12)\n    at node:net:2274:7\n    at process.processTicksAndRejections (node:internal/process/task_queues:90:21)","timestamp":"22:49:10"}
{"level":"\u001b[32minfo\u001b[39m","message":"\u001b[32muncaughtException received — initiating graceful shutdown\u001b[39m","timestamp":"22:49:10"}
{"level":"\u001b[32minfo\u001b[39m","message":"\u001b[32mSocket.IO server closed\u001b[39m","timestamp":"22:49:10"}
{"level":"\u001b[32minfo\u001b[39m","message":"\u001b[32mHTTP server closed\u001b[39m","timestamp":"22:49:10"}
{"level":"\u001b[32minfo\u001b[39m","message":"\u001b[32mPostgreSQL pool closed\u001b[39m","timestamp":"22:49:10"}
{"level":"\u001b[32minfo\u001b[39m","message":"\u001b[32mRedis subscriber closed\u001b[39m","timestamp":"22:49:10"}
{"error":"","level":"\u001b[31merror\u001b[39m","message":"\u001b[31mRedis: client error\u001b[39m","timestamp":"22:49:10"}
{"level":"\u001b[33mwarn\u001b[39m","message":"\u001b[33mRedis: connection closed\u001b[39m","timestamp":"22:49:10"}
{"error":"","level":"\u001b[31merror\u001b[39m","message":"\u001b[31mRedis: client error\u001b[39m","timestamp":"22:49:10"}
{"level":"\u001b[33mwarn\u001b[39m","message":"\u001b[33mRedis: connection closed\u001b[39m","timestamp":"22:49:10"}
{"error":"","level":"\u001b[31merror\u001b[39m","message":"\u001b[31mRedis: client error\u001b[39m","timestamp":"22:49:10"}
{"level":"\u001b[33mwarn\u001b[39m","message":"\u001b[33mRedis: connection closed\u001b[39m","timestamp":"22:49:10"}
{"error":"","level":"\u001b[31merror\u001b[39m","message":"\u001b[31mRedis: client error\u001b[39m","timestamp":"22:49:10"}
{"level":"\u001b[32minfo\u001b[39m","message":"\u001b[32mSocket.IO initialised\u001b[39m","namespaces":["/crm","/notifications"],"origins":["http://localhost:5173","http://localhost:8080"],"timestamp":"22:49:40"}
{"error":"listen EADDRINUSE: address already in use 0.0.0.0:3000","level":"\u001b[31merror\u001b[39m","message":"\u001b[31mUncaught exception — shutting down\u001b[39m","stack":"Error: listen EADDRINUSE: address already in use 0.0.0.0:3000\n    at Server.setupListenHandle [as _listen2] (node:net:2008:16)\n    at listenInCluster (node:net:2065:12)\n    at node:net:2274:7\n    at process.processTicksAndRejections (node:internal/process/task_queues:90:21)","timestamp":"22:49:40"}
{"level":"\u001b[32minfo\u001b[39m","message":"\u001b[32muncaughtException received — initiating graceful shutdown\u001b[39m","timestamp":"22:49:40"}
{"level":"\u001b[32minfo\u001b[39m","message":"\u001b[32mSocket.IO server closed\u001b[39m","timestamp":"22:49:40"}
{"level":"\u001b[32minfo\u001b[39m","message":"\u001b[32mHTTP server closed\u001b[39m","timestamp":"22:49:40"}
{"level":"\u001b[32minfo\u001b[39m","message":"\u001b[32mPostgreSQL pool closed\u001b[39m","timestamp":"22:49:40"}
{"level":"\u001b[32minfo\u001b[39m","message":"\u001b[32mRedis subscriber closed\u001b[39m","timestamp":"22:49:40"}
{"level":"\u001b[32minfo\u001b[39m","message":"\u001b[32mRedis: client connected\u001b[39m","timestamp":"22:49:40"}
{"level":"\u001b[32minfo\u001b[39m","message":"\u001b[32mRedis: client ready\u001b[39m","timestamp":"22:49:40"}
{"level":"\u001b[32minfo\u001b[39m","message":"\u001b[32mRedis client closed\u001b[39m","timestamp":"22:49:40"}
{"level":"\u001b[32mhttp\u001b[39m","message":"\u001b[32m\u001b[0mGET /health \u001b[33m404\u001b[0m 7.089 ms - 83\u001b[0m\u001b[39m","timestamp":"22:50:23"}
{"code":"VALIDATION_ERROR","level":"\u001b[33mwarn\u001b[39m","message":"\u001b[33mOperational error Validation failed.\u001b[39m","path":"/api/v1/auth/login","status":422,"timestamp":"22:51:26"}
{"level":"\u001b[32mhttp\u001b[39m","message":"\u001b[32m\u001b[0mPOST /api/v1/auth/login \u001b[33m422\u001b[0m 15.934 ms - 84\u001b[0m\u001b[39m","timestamp":"22:51:26"}
{"code":"VALIDATION_ERROR","level":"\u001b[33mwarn\u001b[39m","message":"\u001b[33mOperational error Validation failed.\u001b[39m","path":"/api/v1/auth/login","status":422,"timestamp":"22:51:57"}
{"level":"\u001b[32mhttp\u001b[39m","message":"\u001b[32m\u001b[0mPOST /api/v1/auth/login \u001b[33m422\u001b[0m 61.326 ms - 84\u001b[0m\u001b[39m","timestamp":"22:51:57"}
{"level":"\u001b[34mdebug\u001b[39m","message":"\u001b[34mPostgreSQL pool: new client connected\u001b[39m","timestamp":"22:52:01"}
{"code":"INVALID_CREDENTIALS","level":"\u001b[33mwarn\u001b[39m","message":"\u001b[33mOperational error Invalid email or password.\u001b[39m","path":"/api/v1/auth/login","status":401,"timestamp":"22:52:01"}
{"level":"\u001b[32mhttp\u001b[39m","message":"\u001b[32m\u001b[0mPOST /api/v1/auth/login \u001b[33m401\u001b[0m 468.244 ms - 95\u001b[0m\u001b[39m","timestamp":"22:52:01"}
{"level":"\u001b[32minfo\u001b[39m","message":"\u001b[32mSocket.IO initialised\u001b[39m","namespaces":["/crm","/notifications"],"origins":["http://localhost:5173","http://localhost:8080"],"timestamp":"22:54:02"}
{"level":"\u001b[32minfo\u001b[39m","message":"\u001b[32mRedis: client connected\u001b[39m","timestamp":"22:54:02"}
{"level":"\u001b[32minfo\u001b[39m","message":"\u001b[32mRedis: client ready\u001b[39m","timestamp":"22:54:02"}
{"level":"\u001b[32minfo\u001b[39m","message":"\u001b[32mSocket event bridge listening on stream\u001b[39m","stream":"stream:events:insight:new","timestamp":"22:54:02"}
{"env":"development","level":"\u001b[32minfo\u001b[39m","message":"\u001b[32mSmartCRM API listening on port 3000\u001b[39m","pid":11275,"socketIO":true,"timestamp":"22:54:02"}
{"level":"\u001b[32minfo\u001b[39m","message":"\u001b[32mSocket.IO initialised\u001b[39m","namespaces":["/crm","/notifications"],"origins":["http://localhost:5173","http://localhost:8080"],"timestamp":"22:54:13"}
{"level":"\u001b[32minfo\u001b[39m","message":"\u001b[32mRedis: client connected\u001b[39m","timestamp":"22:54:13"}
{"level":"\u001b[32minfo\u001b[39m","message":"\u001b[32mRedis: client ready\u001b[39m","timestamp":"22:54:13"}
{"level":"\u001b[32minfo\u001b[39m","message":"\u001b[32mSocket event bridge listening on stream\u001b[39m","stream":"stream:events:insight:new","timestamp":"22:54:13"}
{"env":"development","level":"\u001b[32minfo\u001b[39m","message":"\u001b[32mSmartCRM API listening on port 3000\u001b[39m","pid":11335,"socketIO":true,"timestamp":"22:54:13"}
{"level":"\u001b[32minfo\u001b[39m","message":"\u001b[32mSocket.IO initialised\u001b[39m","namespaces":["/crm","/notifications"],"origins":["http://localhost:5173","http://localhost:8080"],"timestamp":"22:54:23"}
{"level":"\u001b[32minfo\u001b[39m","message":"\u001b[32mRedis: client connected\u001b[39m","timestamp":"22:54:23"}
{"level":"\u001b[32minfo\u001b[39m","message":"\u001b[32mRedis: client ready\u001b[39m","timestamp":"22:54:23"}
{"level":"\u001b[32minfo\u001b[39m","message":"\u001b[32mSocket event bridge listening on stream\u001b[39m","stream":"stream:events:insight:new","timestamp":"22:54:23"}
{"env":"development","level":"\u001b[32minfo\u001b[39m","message":"\u001b[32mSmartCRM API listening on port 3000\u001b[39m","pid":11394,"socketIO":true,"timestamp":"22:54:23"}
{"code":"VALIDATION_ERROR","level":"\u001b[33mwarn\u001b[39m","message":"\u001b[33mOperational error Validation failed.\u001b[39m","path":"/api/v1/auth/login","status":422,"timestamp":"22:54:26"}
{"level":"\u001b[32mhttp\u001b[39m","message":"\u001b[32m\u001b[0mPOST /api/v1/auth/login \u001b[33m422\u001b[0m 15.923 ms - 84\u001b[0m\u001b[39m","timestamp":"22:54:26"}
{"code":"VALIDATION_ERROR","level":"\u001b[33mwarn\u001b[39m","message":"\u001b[33mOperational error Validation failed.\u001b[39m","path":"/api/v1/auth/login","status":422,"timestamp":"22:54:27"}
{"level":"\u001b[32mhttp\u001b[39m","message":"\u001b[32m\u001b[0mPOST /api/v1/auth/login \u001b[33m422\u001b[0m 7.124 ms - 84\u001b[0m\u001b[39m","timestamp":"22:54:27"}
{"level":"\u001b[32minfo\u001b[39m","message":"\u001b[32mSocket.IO initialised\u001b[39m","namespaces":["/crm","/notifications"],"origins":["http://localhost:5173","http://localhost:8080"],"timestamp":"22:54:28"}
{"level":"\u001b[32minfo\u001b[39m","message":"\u001b[32mRedis: client connected\u001b[39m","timestamp":"22:54:28"}
{"level":"\u001b[32minfo\u001b[39m","message":"\u001b[32mRedis: client ready\u001b[39m","timestamp":"22:54:28"}
{"level":"\u001b[32minfo\u001b[39m","message":"\u001b[32mSocket event bridge listening on stream\u001b[39m","stream":"stream:events:insight:new","timestamp":"22:54:28"}
{"env":"development","level":"\u001b[32minfo\u001b[39m","message":"\u001b[32mSmartCRM API listening on port 3000\u001b[39m","pid":11434,"socketIO":true,"timestamp":"22:54:28"}
{"code":"VALIDATION_ERROR","level":"\u001b[33mwarn\u001b[39m","message":"\u001b[33mOperational error Validation failed.\u001b[39m","path":"/api/v1/auth/login","status":422,"timestamp":"22:54:29"}
{"level":"\u001b[32mhttp\u001b[39m","message":"\u001b[32m\u001b[0mPOST /api/v1/auth/login \u001b[33m422\u001b[0m 15.758 ms - 84\u001b[0m\u001b[39m","timestamp":"22:54:29"}
{"code":"VALIDATION_ERROR","level":"\u001b[33mwarn\u001b[39m","message":"\u001b[33mOperational error Validation failed.\u001b[39m","path":"/api/v1/auth/login","status":422,"timestamp":"22:54:30"}
{"level":"\u001b[32mhttp\u001b[39m","message":"\u001b[32m\u001b[0mPOST /api/v1/auth/login \u001b[33m422\u001b[0m 14.266 ms - 84\u001b[0m\u001b[39m","timestamp":"22:54:30"}
{"code":"VALIDATION_ERROR","level":"\u001b[33mwarn\u001b[39m","message":"\u001b[33mOperational error Validation failed.\u001b[39m","path":"/api/v1/auth/login","status":422,"timestamp":"22:54:31"}
{"level":"\u001b[32mhttp\u001b[39m","message":"\u001b[32m\u001b[0mPOST /api/v1/auth/login \u001b[33m422\u001b[0m 8.081 ms - 84\u001b[0m\u001b[39m","timestamp":"22:54:31"}
{"code":"VALIDATION_ERROR","level":"\u001b[33mwarn\u001b[39m","message":"\u001b[33mOperational error Validation failed.\u001b[39m","path":"/api/v1/auth/login","status":422,"timestamp":"22:54:42"}
{"level":"\u001b[32mhttp\u001b[39m","message":"\u001b[32m\u001b[0mPOST /api/v1/auth/login \u001b[33m422\u001b[0m 23.676 ms - 84\u001b[0m\u001b[39m","timestamp":"22:54:42"}
{"code":"VALIDATION_ERROR","level":"\u001b[33mwarn\u001b[39m","message":"\u001b[33mOperational error Validation failed.\u001b[39m","path":"/api/v1/auth/login","status":422,"timestamp":"22:54:43"}
{"level":"\u001b[32mhttp\u001b[39m","message":"\u001b[32m\u001b[0mPOST /api/v1/auth/login \u001b[33m422\u001b[0m 5.522 ms - 84\u001b[0m\u001b[39m","timestamp":"22:54:43"}
{"code":"VALIDATION_ERROR","level":"\u001b[33mwarn\u001b[39m","message":"\u001b[33mOperational error Validation failed.\u001b[39m","path":"/api/v1/auth/login","status":422,"timestamp":"22:54:44"}
{"level":"\u001b[32mhttp\u001b[39m","message":"\u001b[32m\u001b[0mPOST /api/v1/auth/login \u001b[33m422\u001b[0m 8.373 ms - 84\u001b[0m\u001b[39m","timestamp":"22:54:44"}
{"level":"\u001b[32mhttp\u001b[39m","message":"\u001b[32m\u001b[0mPOST /api/v1/auth/login \u001b[33m429\u001b[0m 13.445 ms - 126\u001b[0m\u001b[39m","timestamp":"22:54:46"}
{"level":"\u001b[32minfo\u001b[39m","message":"\u001b[32mSocket.IO initialised\u001b[39m","namespaces":["/crm","/notifications"],"origins":["http://localhost:5173","http://localhost:8080"],"timestamp":"22:54:52"}
{"level":"\u001b[32minfo\u001b[39m","message":"\u001b[32mRedis: client connected\u001b[39m","timestamp":"22:54:52"}
{"level":"\u001b[32minfo\u001b[39m","message":"\u001b[32mRedis: client ready\u001b[39m","timestamp":"22:54:52"}
{"level":"\u001b[32minfo\u001b[39m","message":"\u001b[32mSocket event bridge listening on stream\u001b[39m","stream":"stream:events:insight:new","timestamp":"22:54:52"}
{"env":"development","level":"\u001b[32minfo\u001b[39m","message":"\u001b[32mSmartCRM API listening on port 3001\u001b[39m","pid":11633,"socketIO":true,"timestamp":"22:54:52"}
{"code":"INVALID_TOKEN","level":"\u001b[33mwarn\u001b[39m","message":"\u001b[33mOperational error Access token is invalid or has expired.\u001b[39m","path":"/api/v1/tasks","status":401,"timestamp":"22:55:13"}
{"level":"\u001b[32mhttp\u001b[39m","message":"\u001b[32m\u001b[0mGET /api/v1/tasks?status=pending&assigned_to=00000000-0000-0000-0001-000000000004 \u001b[33m401\u001b[0m 21.967 ms - 102\u001b[0m\u001b[39m","timestamp":"22:55:13"}
{"code":"VALIDATION_ERROR","level":"\u001b[33mwarn\u001b[39m","message":"\u001b[33mOperational error Validation failed.\u001b[39m","path":"/api/v1/auth/login","status":422,"timestamp":"22:55:14"}
{"level":"\u001b[32mhttp\u001b[39m","message":"\u001b[32m\u001b[0mPOST /api/v1/auth/login \u001b[33m422\u001b[0m 9.311 ms - 84\u001b[0m\u001b[39m","timestamp":"22:55:14"}
{"level":"\u001b[32minfo\u001b[39m","message":"\u001b[32mSocket.IO initialised\u001b[39m","namespaces":["/crm","/notifications"],"origins":["http://localhost:5173","http://localhost:8080"],"timestamp":"22:55:34"}
{"level":"\u001b[32minfo\u001b[39m","message":"\u001b[32mRedis: client connected\u001b[39m","timestamp":"22:55:34"}
{"level":"\u001b[32minfo\u001b[39m","message":"\u001b[32mRedis: client ready\u001b[39m","timestamp":"22:55:34"}
{"level":"\u001b[32minfo\u001b[39m","message":"\u001b[32mSocket event bridge listening on stream\u001b[39m","stream":"stream:events:insight:new","timestamp":"22:55:34"}
{"env":"development","level":"\u001b[32minfo\u001b[39m","message":"\u001b[32mSmartCRM API listening on port 3000\u001b[39m","pid":11969,"socketIO":true,"timestamp":"22:55:34"}
{"level":"\u001b[32minfo\u001b[39m","message":"\u001b[32mSocket.IO initialised\u001b[39m","namespaces":["/crm","/notifications"],"origins":["http://localhost:5173","http://localhost:8080"],"timestamp":"22:55:48"}
{"level":"\u001b[32minfo\u001b[39m","message":"\u001b[32mRedis: client connected\u001b[39m","timestamp":"22:55:48"}
{"level":"\u001b[32minfo\u001b[39m","message":"\u001b[32mRedis: client ready\u001b[39m","timestamp":"22:55:48"}
{"level":"\u001b[32minfo\u001b[39m","message":"\u001b[32mSocket event bridge listening on stream\u001b[39m","stream":"stream:events:insight:new","timestamp":"22:55:48"}
{"env":"development","level":"\u001b[32minfo\u001b[39m","message":"\u001b[32mSmartCRM API listening on port 3000\u001b[39m","pid":12029,"socketIO":true,"timestamp":"22:55:48"}
{"level":"\u001b[32minfo\u001b[39m","message":"\u001b[32mSocket.IO initialised\u001b[39m","namespaces":["/crm","/notifications"],"origins":["http://localhost:5173","http://localhost:8080"],"timestamp":"22:56:00"}
{"level":"\u001b[32minfo\u001b[39m","message":"\u001b[32mRedis: client connected\u001b[39m","timestamp":"22:56:00"}
{"level":"\u001b[32minfo\u001b[39m","message":"\u001b[32mRedis: client ready\u001b[39m","timestamp":"22:56:00"}
{"level":"\u001b[32minfo\u001b[39m","message":"\u001b[32mSocket event bridge listening on stream\u001b[39m","stream":"stream:events:insight:new","timestamp":"22:56:00"}
{"env":"development","level":"\u001b[32minfo\u001b[39m","message":"\u001b[32mSmartCRM API listening on port 3000\u001b[39m","pid":12096,"socketIO":true,"timestamp":"22:56:00"}
{"level":"\u001b[32minfo\u001b[39m","message":"\u001b[32mSocket.IO initialised\u001b[39m","namespaces":["/crm","/notifications"],"origins":["http://localhost:5173","http://localhost:8080"],"timestamp":"22:56:06"}
{"level":"\u001b[32minfo\u001b[39m","message":"\u001b[32mRedis: client connected\u001b[39m","timestamp":"22:56:06"}
{"level":"\u001b[32minfo\u001b[39m","message":"\u001b[32mRedis: client ready\u001b[39m","timestamp":"22:56:06"}
{"level":"\u001b[32minfo\u001b[39m","message":"\u001b[32mSocket event bridge listening on stream\u001b[39m","stream":"stream:events:insight:new","timestamp":"22:56:06"}
{"env":"development","level":"\u001b[32minfo\u001b[39m","message":"\u001b[32mSmartCRM API listening on port 3000\u001b[39m","pid":12156,"socketIO":true,"timestamp":"22:56:06"}
{"level":"\u001b[32minfo\u001b[39m","message":"\u001b[32mSIGINT received — initiating graceful shutdown\u001b[39m","timestamp":"22:56:13"}
{"level":"\u001b[32minfo\u001b[39m","message":"\u001b[32mSocket.IO server closed\u001b[39m","timestamp":"22:56:13"}
{"level":"\u001b[32minfo\u001b[39m","message":"\u001b[32mHTTP server closed\u001b[39m","timestamp":"22:56:13"}
{"level":"\u001b[32minfo\u001b[39m","message":"\u001b[32mPostgreSQL pool closed\u001b[39m","timestamp":"22:56:13"}
{"level":"\u001b[32minfo\u001b[39m","message":"\u001b[32mSIGINT received — initiating graceful shutdown\u001b[39m","timestamp":"22:56:13"}
{"level":"\u001b[32minfo\u001b[39m","message":"\u001b[32mSocket.IO server closed\u001b[39m","timestamp":"22:56:13"}
{"level":"\u001b[32minfo\u001b[39m","message":"\u001b[32mHTTP server closed\u001b[39m","timestamp":"22:56:13"}
{"error":"Called end on pool more than once","level":"\u001b[31merror\u001b[39m","message":"\u001b[31mError closing PostgreSQL pool\u001b[39m","timestamp":"22:56:13"}
{"level":"\u001b[32minfo\u001b[39m","message":"\u001b[32mRedis subscriber closed\u001b[39m","timestamp":"22:56:17"}
{"error":"Connection is closed.","level":"\u001b[31merror\u001b[39m","message":"\u001b[31mError closing Redis subscriber\u001b[39m","timestamp":"22:56:17"}
{"level":"\u001b[32minfo\u001b[39m","message":"\u001b[32mSocket.IO initialised\u001b[39m","namespaces":["/crm","/notifications"],"origins":["http://localhost:5173","http://localhost:8080"],"timestamp":"22:56:28"}
{"level":"\u001b[32minfo\u001b[39m","message":"\u001b[32mRedis: client connected\u001b[39m","timestamp":"22:56:28"}
{"level":"\u001b[32minfo\u001b[39m","message":"\u001b[32mRedis: client ready\u001b[39m","timestamp":"22:56:28"}
{"level":"\u001b[32minfo\u001b[39m","message":"\u001b[32mSocket event bridge listening on stream\u001b[39m","stream":"stream:events:insight:new","timestamp":"22:56:28"}
{"env":"development","level":"\u001b[32minfo\u001b[39m","message":"\u001b[32mSmartCRM API listening on port 3001\u001b[39m","pid":12247,"socketIO":true,"timestamp":"22:56:28"}
{"level":"\u001b[32mhttp\u001b[39m","message":"\u001b[32m\u001b[0mPOST /api/v1/auth/login \u001b[33m429\u001b[0m 7.384 ms - 126\u001b[0m\u001b[39m","timestamp":"22:56:32"}
{"level":"\u001b[34mdebug\u001b[39m","message":"\u001b[34mPostgreSQL pool: new client connected\u001b[39m","timestamp":"22:56:38"}
{"level":"\u001b[32mhttp\u001b[39m","message":"\u001b[32m\u001b[0mPOST /api/v1/auth/login \u001b[32m200\u001b[0m 289.231 ms - 1143\u001b[0m\u001b[39m","timestamp":"22:56:38"}
{"level":"\u001b[34mdebug\u001b[39m","message":"\u001b[34mPostgreSQL pool: new client connected\u001b[39m","timestamp":"22:57:11"}
{"level":"\u001b[32mhttp\u001b[39m","message":"\u001b[32m\u001b[0mPOST /api/v1/auth/login \u001b[32m200\u001b[0m 347.443 ms - 1143\u001b[0m\u001b[39m","timestamp":"22:57:11"}
{"level":"\u001b[32mhttp\u001b[39m","message":"\u001b[32m\u001b[0mPOST /api/v1/auth/login \u001b[33m429\u001b[0m 1.831 ms - 126\u001b[0m\u001b[39m","timestamp":"22:57:12"}
{"level":"\u001b[32minfo\u001b[39m","message":"\u001b[32mSIGINT received — initiating graceful shutdown\u001b[39m","timestamp":"22:57:41"}
{"level":"\u001b[32minfo\u001b[39m","message":"\u001b[32mSocket.IO server closed\u001b[39m","timestamp":"22:57:41"}
{"level":"\u001b[32minfo\u001b[39m","message":"\u001b[32mHTTP server closed\u001b[39m","timestamp":"22:57:41"}
{"level":"\u001b[32minfo\u001b[39m","message":"\u001b[32mPostgreSQL pool closed\u001b[39m","timestamp":"22:57:41"}
{"level":"\u001b[32minfo\u001b[39m","message":"\u001b[32mSIGINT received — initiating graceful shutdown\u001b[39m","timestamp":"22:57:41"}
{"level":"\u001b[32minfo\u001b[39m","message":"\u001b[32mSocket.IO server closed\u001b[39m","timestamp":"22:57:41"}
{"level":"\u001b[32minfo\u001b[39m","message":"\u001b[32mHTTP server closed\u001b[39m","timestamp":"22:57:41"}
{"error":"Called end on pool more than once","level":"\u001b[31merror\u001b[39m","message":"\u001b[31mError closing PostgreSQL pool\u001b[39m","timestamp":"22:57:41"}
{"level":"\u001b[32minfo\u001b[39m","message":"\u001b[32mRedis subscriber closed\u001b[39m","timestamp":"22:57:44"}
{"error":"Connection is closed.","level":"\u001b[31merror\u001b[39m","message":"\u001b[31mError closing Redis subscriber\u001b[39m","timestamp":"22:57:44"}
{"level":"\u001b[34mdebug\u001b[39m","message":"\u001b[34mPostgreSQL pool: new client connected\u001b[39m","timestamp":"22:58:55"}
{"code":"INVALID_CREDENTIALS","level":"\u001b[33mwarn\u001b[39m","message":"\u001b[33mOperational error Invalid email or password.\u001b[39m","path":"/api/v1/auth/login","status":401,"timestamp":"22:58:55"}
{"level":"\u001b[32mhttp\u001b[39m","message":"\u001b[32m\u001b[0mPOST /api/v1/auth/login \u001b[33m401\u001b[0m 281.555 ms - 95\u001b[0m\u001b[39m","timestamp":"22:58:55"}
{"level":"\u001b[32mhttp\u001b[39m","message":"\u001b[32m\u001b[0mPOST /api/v1/auth/login \u001b[33m429\u001b[0m 12.681 ms - 126\u001b[0m\u001b[39m","timestamp":"23:00:41"}
{"level":"\u001b[32mhttp\u001b[39m","message":"\u001b[32m\u001b[0mPOST /api/v1/auth/login \u001b[33m429\u001b[0m 3.387 ms - 126\u001b[0m\u001b[39m","timestamp":"23:00:49"}
